2022-04-13 20:34:33.236 [main] INFO  com.darcklh.louise.MyLouiseApplicationTests - Starting MyLouiseApplicationTests using Java 11.0.12 on DESKTOP-H72A044 with PID 19608 (started by a in E:\CodingLife\MyLouise)
2022-04-13 20:34:33.243 [main] INFO  com.darcklh.louise.MyLouiseApplicationTests - No active profile set, falling back to default profiles: default
2022-04-13 20:34:34.830 [main] INFO  o.s.boot.web.embedded.tomcat.TomcatWebServer - Tomcat initialized with port(s): 0 (http)
2022-04-13 20:34:34.841 [main] INFO  org.apache.catalina.core.StandardService - Starting service [Tomcat]
2022-04-13 20:34:34.842 [main] INFO  org.apache.catalina.core.StandardEngine - Starting Servlet engine: [Apache Tomcat/9.0.50]
2022-04-13 20:34:34.950 [main] INFO  o.a.c.core.ContainerBase.[Tomcat].[localhost].[/] - Initializing Spring embedded WebApplicationContext
2022-04-13 20:34:34.950 [main] INFO  o.s.b.w.s.c.ServletWebServerApplicationContext - Root WebApplicationContext: initialization completed in 1676 ms
2022-04-13 20:34:35.943 [main] INFO  com.zaxxer.hikari.HikariDataSource - HikariPool-1 - Starting...
2022-04-13 20:34:38.119 [main] INFO  com.zaxxer.hikari.HikariDataSource - HikariPool-1 - Start completed.
2022-04-13 20:34:38.267 [main] INFO  com.darcklh.louise.Utils.BootApplication - <--加载MyLouise插件-->
2022-04-13 20:34:38.329 [main] INFO  com.darcklh.louise.Utils.BootApplication - 加载插件 <--图片发送1.0---DarckLH-- >
2022-04-13 20:34:38.330 [main] INFO  com.darcklh.louise.Utils.BootApplication - 加载插件 <--虚拟歌姬---MIku-- >
2022-04-13 20:34:38.355 [main] INFO  com.darcklh.plugin.PluginMiku - 插件 Miku 运行中
2022-04-13 20:34:38.396 [main] INFO  com.darcklh.louise.Model.R - 发送报文: {"user_id":"412543224","message":"露易丝启动了哦"}
2022-04-13 20:34:38.397 [main] INFO  com.darcklh.louise.Model.R - 请求接口: send_msg
2022-04-13 20:34:40.499 [main] INFO  com.darcklh.louise.Utils.BootApplication - 与BOT建立连接失败
2022-04-13 20:34:40.501 [main] INFO  com.darcklh.louise.Utils.BootApplication - 插件加载完毕，共2个
2022-04-13 20:34:40.955 [main] INFO  o.s.b.a.web.servlet.WelcomePageHandlerMapping - Adding welcome page template: index
2022-04-13 20:34:41.517 [main] INFO  o.s.boot.web.embedded.tomcat.TomcatWebServer - Tomcat started on port(s): 23854 (http) with context path ''
2022-04-13 20:34:41.532 [main] INFO  com.darcklh.louise.MyLouiseApplicationTests - Started MyLouiseApplicationTests in 8.886 seconds (JVM running for 10.759)
2022-04-13 20:37:55.035 [SpringApplicationShutdownHook] INFO  com.zaxxer.hikari.HikariDataSource - HikariPool-1 - Shutdown initiated...
2022-04-13 20:37:55.391 [SpringApplicationShutdownHook] INFO  com.zaxxer.hikari.HikariDataSource - HikariPool-1 - Shutdown completed.
2022-04-13 20:38:55.848 [main] INFO  com.darcklh.louise.MyLouiseApplicationTests - Starting MyLouiseApplicationTests using Java 11.0.12 on DESKTOP-H72A044 with PID 22716 (started by a in E:\CodingLife\MyLouise)
2022-04-13 20:38:55.858 [main] INFO  com.darcklh.louise.MyLouiseApplicationTests - No active profile set, falling back to default profiles: default
2022-04-13 20:38:57.765 [main] INFO  o.s.boot.web.embedded.tomcat.TomcatWebServer - Tomcat initialized with port(s): 0 (http)
2022-04-13 20:38:57.775 [main] INFO  org.apache.catalina.core.StandardService - Starting service [Tomcat]
2022-04-13 20:38:57.775 [main] INFO  org.apache.catalina.core.StandardEngine - Starting Servlet engine: [Apache Tomcat/9.0.50]
2022-04-13 20:38:57.909 [main] INFO  o.a.c.core.ContainerBase.[Tomcat].[localhost].[/] - Initializing Spring embedded WebApplicationContext
2022-04-13 20:38:57.909 [main] INFO  o.s.b.w.s.c.ServletWebServerApplicationContext - Root WebApplicationContext: initialization completed in 2002 ms
2022-04-13 20:38:59.122 [main] INFO  com.zaxxer.hikari.HikariDataSource - HikariPool-1 - Starting...
2022-04-13 20:38:59.907 [main] INFO  com.zaxxer.hikari.HikariDataSource - HikariPool-1 - Start completed.
2022-04-13 20:39:00.020 [main] INFO  com.darcklh.louise.Utils.BootApplication - <--加载MyLouise插件-->
2022-04-13 20:39:00.064 [main] INFO  com.darcklh.louise.Utils.BootApplication - 加载插件 <--图片发送1.0---DarckLH-- >
2022-04-13 20:39:00.064 [main] INFO  com.darcklh.louise.Utils.BootApplication - 加载插件 <--虚拟歌姬---MIku-- >
2022-04-13 20:39:00.067 [main] INFO  com.darcklh.plugin.PluginMiku - 插件 Miku 运行中
2022-04-13 20:39:00.111 [main] INFO  com.darcklh.louise.Model.R - 发送报文: {"user_id":"412543224","message":"露易丝启动了哦"}
2022-04-13 20:39:00.112 [main] INFO  com.darcklh.louise.Model.R - 请求接口: send_msg
2022-04-13 20:39:02.246 [main] INFO  com.darcklh.louise.Utils.BootApplication - 与BOT建立连接失败
2022-04-13 20:39:02.250 [main] INFO  com.darcklh.louise.Utils.BootApplication - 插件加载完毕，共2个
2022-04-13 20:39:02.775 [main] INFO  o.s.b.a.web.servlet.WelcomePageHandlerMapping - Adding welcome page template: index
2022-04-13 20:39:03.467 [main] INFO  o.s.boot.web.embedded.tomcat.TomcatWebServer - Tomcat started on port(s): 23985 (http) with context path ''
2022-04-13 20:39:03.485 [main] INFO  com.darcklh.louise.MyLouiseApplicationTests - Started MyLouiseApplicationTests in 8.309 seconds (JVM running for 10.087)
2022-04-13 20:40:56.328 [SpringApplicationShutdownHook] INFO  com.zaxxer.hikari.HikariDataSource - HikariPool-1 - Shutdown initiated...
2022-04-13 20:40:56.676 [SpringApplicationShutdownHook] INFO  com.zaxxer.hikari.HikariDataSource - HikariPool-1 - Shutdown completed.
2022-04-13 20:42:20.768 [main] INFO  com.darcklh.louise.MyLouiseApplicationTests - Starting MyLouiseApplicationTests using Java 11.0.12 on DESKTOP-H72A044 with PID 15288 (started by a in E:\CodingLife\MyLouise)
2022-04-13 20:42:20.771 [main] INFO  com.darcklh.louise.MyLouiseApplicationTests - No active profile set, falling back to default profiles: default
2022-04-13 20:42:22.497 [main] INFO  o.s.boot.web.embedded.tomcat.TomcatWebServer - Tomcat initialized with port(s): 0 (http)
2022-04-13 20:42:22.508 [main] INFO  org.apache.catalina.core.StandardService - Starting service [Tomcat]
2022-04-13 20:42:22.509 [main] INFO  org.apache.catalina.core.StandardEngine - Starting Servlet engine: [Apache Tomcat/9.0.50]
2022-04-13 20:42:22.625 [main] INFO  o.a.c.core.ContainerBase.[Tomcat].[localhost].[/] - Initializing Spring embedded WebApplicationContext
2022-04-13 20:42:22.626 [main] INFO  o.s.b.w.s.c.ServletWebServerApplicationContext - Root WebApplicationContext: initialization completed in 1823 ms
2022-04-13 20:42:23.686 [main] INFO  com.zaxxer.hikari.HikariDataSource - HikariPool-1 - Starting...
2022-04-13 20:42:24.449 [main] INFO  com.zaxxer.hikari.HikariDataSource - HikariPool-1 - Start completed.
2022-04-13 20:42:24.561 [main] INFO  com.darcklh.louise.Utils.BootApplication - <--加载MyLouise插件-->
2022-04-13 20:42:24.605 [main] INFO  com.darcklh.louise.Utils.BootApplication - 加载插件 <--图片发送1.0---DarckLH-- >
2022-04-13 20:42:24.605 [main] INFO  com.darcklh.louise.Utils.BootApplication - 加载插件 <--虚拟歌姬---MIku-- >
2022-04-13 20:42:24.607 [main] INFO  com.darcklh.plugin.PluginMiku - 插件 Miku 运行中
2022-04-13 20:42:24.648 [main] INFO  com.darcklh.louise.Model.R - 发送报文: {"user_id":"412543224","message":"露易丝启动了哦"}
2022-04-13 20:42:24.649 [main] INFO  com.darcklh.louise.Model.R - 请求接口: send_msg
2022-04-13 20:42:26.777 [main] INFO  com.darcklh.louise.Utils.BootApplication - 与BOT建立连接失败
2022-04-13 20:42:26.779 [main] INFO  com.darcklh.louise.Utils.BootApplication - 插件加载完毕，共2个
2022-04-13 20:42:27.241 [main] INFO  o.s.b.a.web.servlet.WelcomePageHandlerMapping - Adding welcome page template: index
2022-04-13 20:42:27.905 [main] INFO  o.s.boot.web.embedded.tomcat.TomcatWebServer - Tomcat started on port(s): 24072 (http) with context path ''
2022-04-13 20:42:27.924 [main] INFO  com.darcklh.louise.MyLouiseApplicationTests - Started MyLouiseApplicationTests in 7.877 seconds (JVM running for 9.234)
2022-04-13 20:43:05.867 [SpringApplicationShutdownHook] INFO  com.zaxxer.hikari.HikariDataSource - HikariPool-1 - Shutdown initiated...
2022-04-13 20:43:06.224 [SpringApplicationShutdownHook] INFO  com.zaxxer.hikari.HikariDataSource - HikariPool-1 - Shutdown completed.
2022-04-13 20:43:26.851 [main] INFO  com.darcklh.louise.MyLouiseApplicationTests - Starting MyLouiseApplicationTests using Java 11.0.12 on DESKTOP-H72A044 with PID 18948 (started by a in E:\CodingLife\MyLouise)
2022-04-13 20:43:26.855 [main] INFO  com.darcklh.louise.MyLouiseApplicationTests - No active profile set, falling back to default profiles: default
2022-04-13 20:43:28.550 [main] INFO  o.s.boot.web.embedded.tomcat.TomcatWebServer - Tomcat initialized with port(s): 0 (http)
2022-04-13 20:43:28.560 [main] INFO  org.apache.catalina.core.StandardService - Starting service [Tomcat]
2022-04-13 20:43:28.560 [main] INFO  org.apache.catalina.core.StandardEngine - Starting Servlet engine: [Apache Tomcat/9.0.50]
2022-04-13 20:43:28.664 [main] INFO  o.a.c.core.ContainerBase.[Tomcat].[localhost].[/] - Initializing Spring embedded WebApplicationContext
2022-04-13 20:43:28.664 [main] INFO  o.s.b.w.s.c.ServletWebServerApplicationContext - Root WebApplicationContext: initialization completed in 1774 ms
2022-04-13 20:43:29.525 [main] INFO  com.zaxxer.hikari.HikariDataSource - HikariPool-1 - Starting...
2022-04-13 20:43:30.233 [main] INFO  com.zaxxer.hikari.HikariDataSource - HikariPool-1 - Start completed.
2022-04-13 20:43:30.351 [main] INFO  com.darcklh.louise.Utils.BootApplication - <--加载MyLouise插件-->
2022-04-13 20:43:30.396 [main] INFO  com.darcklh.louise.Utils.BootApplication - 加载插件 <--图片发送1.0---DarckLH-- >
2022-04-13 20:43:30.396 [main] INFO  com.darcklh.louise.Utils.BootApplication - 加载插件 <--虚拟歌姬---MIku-- >
2022-04-13 20:43:30.399 [main] INFO  com.darcklh.plugin.PluginMiku - 插件 Miku 运行中
2022-04-13 20:43:30.440 [main] INFO  com.darcklh.louise.Model.R - 发送报文: {"user_id":"412543224","message":"露易丝启动了哦"}
2022-04-13 20:43:30.441 [main] INFO  com.darcklh.louise.Model.R - 请求接口: send_msg
2022-04-13 20:43:32.592 [main] INFO  com.darcklh.louise.Utils.BootApplication - 与BOT建立连接失败
2022-04-13 20:43:32.594 [main] INFO  com.darcklh.louise.Utils.BootApplication - 插件加载完毕，共2个
2022-04-13 20:43:33.012 [main] INFO  o.s.b.a.web.servlet.WelcomePageHandlerMapping - Adding welcome page template: index
2022-04-13 20:43:33.621 [main] INFO  o.s.boot.web.embedded.tomcat.TomcatWebServer - Tomcat started on port(s): 24113 (http) with context path ''
2022-04-13 20:43:33.636 [main] INFO  com.darcklh.louise.MyLouiseApplicationTests - Started MyLouiseApplicationTests in 7.388 seconds (JVM running for 8.509)
2022-04-13 20:48:03.179 [SpringApplicationShutdownHook] INFO  com.zaxxer.hikari.HikariDataSource - HikariPool-1 - Shutdown initiated...
2022-04-13 20:48:03.801 [SpringApplicationShutdownHook] INFO  com.zaxxer.hikari.HikariDataSource - HikariPool-1 - Shutdown completed.
2022-04-13 20:51:44.440 [main] INFO  com.darcklh.louise.MyLouiseApplicationTests - Starting MyLouiseApplicationTests using Java 11.0.12 on DESKTOP-H72A044 with PID 22924 (started by a in E:\CodingLife\MyLouise)
2022-04-13 20:51:44.442 [main] INFO  com.darcklh.louise.MyLouiseApplicationTests - No active profile set, falling back to default profiles: default
2022-04-13 20:51:46.130 [main] INFO  o.s.boot.web.embedded.tomcat.TomcatWebServer - Tomcat initialized with port(s): 0 (http)
2022-04-13 20:51:46.141 [main] INFO  org.apache.catalina.core.StandardService - Starting service [Tomcat]
2022-04-13 20:51:46.142 [main] INFO  org.apache.catalina.core.StandardEngine - Starting Servlet engine: [Apache Tomcat/9.0.50]
2022-04-13 20:51:46.266 [main] INFO  o.a.c.core.ContainerBase.[Tomcat].[localhost].[/] - Initializing Spring embedded WebApplicationContext
2022-04-13 20:51:46.267 [main] INFO  o.s.b.w.s.c.ServletWebServerApplicationContext - Root WebApplicationContext: initialization completed in 1782 ms
2022-04-13 20:51:47.205 [main] INFO  com.zaxxer.hikari.HikariDataSource - HikariPool-1 - Starting...
2022-04-13 20:51:47.860 [main] INFO  com.zaxxer.hikari.HikariDataSource - HikariPool-1 - Start completed.
2022-04-13 20:51:47.965 [main] INFO  com.darcklh.louise.Utils.BootApplication - <--加载MyLouise插件-->
2022-04-13 20:51:48.010 [main] INFO  com.darcklh.louise.Utils.BootApplication - 加载插件 <--图片发送1.0---DarckLH-- >
2022-04-13 20:51:48.011 [main] INFO  com.darcklh.louise.Utils.BootApplication - 加载插件 <--虚拟歌姬---MIku-- >
2022-04-13 20:51:48.014 [main] INFO  com.darcklh.plugin.PluginMiku - 插件 Miku 运行中
2022-04-13 20:51:48.049 [main] INFO  com.darcklh.louise.Model.R - 发送报文: {"user_id":"412543224","message":"露易丝启动了哦"}
2022-04-13 20:51:48.051 [main] INFO  com.darcklh.louise.Model.R - 请求接口: send_msg
2022-04-13 20:51:50.182 [main] INFO  com.darcklh.louise.Utils.BootApplication - 与BOT建立连接失败
2022-04-13 20:51:50.191 [main] INFO  com.darcklh.louise.Utils.BootApplication - 插件加载完毕，共2个
2022-04-13 20:51:50.581 [main] INFO  o.s.b.a.web.servlet.WelcomePageHandlerMapping - Adding welcome page template: index
2022-04-13 20:51:51.126 [main] INFO  o.s.boot.web.embedded.tomcat.TomcatWebServer - Tomcat started on port(s): 13693 (http) with context path ''
2022-04-13 20:51:51.138 [main] INFO  com.darcklh.louise.MyLouiseApplicationTests - Started MyLouiseApplicationTests in 7.297 seconds (JVM running for 8.455)
2022-04-13 20:53:01.471 [SpringApplicationShutdownHook] INFO  com.zaxxer.hikari.HikariDataSource - HikariPool-1 - Shutdown initiated...
2022-04-13 20:53:01.830 [SpringApplicationShutdownHook] INFO  com.zaxxer.hikari.HikariDataSource - HikariPool-1 - Shutdown completed.
2022-04-13 20:55:41.133 [main] INFO  com.darcklh.louise.MyLouiseApplicationTests - Starting MyLouiseApplicationTests using Java 11.0.12 on DESKTOP-H72A044 with PID 6616 (started by a in E:\CodingLife\MyLouise)
2022-04-13 20:55:41.136 [main] INFO  com.darcklh.louise.MyLouiseApplicationTests - No active profile set, falling back to default profiles: default
2022-04-13 20:55:42.758 [main] INFO  o.s.boot.web.embedded.tomcat.TomcatWebServer - Tomcat initialized with port(s): 0 (http)
2022-04-13 20:55:42.768 [main] INFO  org.apache.catalina.core.StandardService - Starting service [Tomcat]
2022-04-13 20:55:42.769 [main] INFO  org.apache.catalina.core.StandardEngine - Starting Servlet engine: [Apache Tomcat/9.0.50]
2022-04-13 20:55:42.862 [main] INFO  o.a.c.core.ContainerBase.[Tomcat].[localhost].[/] - Initializing Spring embedded WebApplicationContext
2022-04-13 20:55:42.862 [main] INFO  o.s.b.w.s.c.ServletWebServerApplicationContext - Root WebApplicationContext: initialization completed in 1693 ms
2022-04-13 20:55:43.702 [main] INFO  com.zaxxer.hikari.HikariDataSource - HikariPool-1 - Starting...
2022-04-13 20:55:44.346 [main] INFO  com.zaxxer.hikari.HikariDataSource - HikariPool-1 - Start completed.
2022-04-13 20:55:44.446 [main] INFO  com.darcklh.louise.Utils.BootApplication - <--加载MyLouise插件-->
2022-04-13 20:55:44.490 [main] INFO  com.darcklh.louise.Utils.BootApplication - 加载插件 <--图片发送1.0---DarckLH-- >
2022-04-13 20:55:44.490 [main] INFO  com.darcklh.louise.Utils.BootApplication - 加载插件 <--虚拟歌姬---MIku-- >
2022-04-13 20:55:44.493 [main] INFO  com.darcklh.plugin.PluginMiku - 插件 Miku 运行中
2022-04-13 20:55:44.525 [main] INFO  com.darcklh.louise.Model.R - 发送报文: {"user_id":"412543224","message":"露易丝启动了哦"}
2022-04-13 20:55:44.527 [main] INFO  com.darcklh.louise.Model.R - 请求接口: send_msg
2022-04-13 20:55:46.625 [main] INFO  com.darcklh.louise.Utils.BootApplication - 与BOT建立连接失败
2022-04-13 20:55:46.627 [main] INFO  com.darcklh.louise.Utils.BootApplication - 插件加载完毕，共2个
2022-04-13 20:55:46.901 [main] INFO  o.s.b.a.web.servlet.WelcomePageHandlerMapping - Adding welcome page template: index
2022-04-13 20:55:47.379 [main] INFO  o.s.boot.web.embedded.tomcat.TomcatWebServer - Tomcat started on port(s): 1090 (http) with context path ''
2022-04-13 20:55:47.393 [main] INFO  com.darcklh.louise.MyLouiseApplicationTests - Started MyLouiseApplicationTests in 6.815 seconds (JVM running for 7.877)
2022-04-13 20:55:58.442 [SpringApplicationShutdownHook] INFO  com.zaxxer.hikari.HikariDataSource - HikariPool-1 - Shutdown initiated...
2022-04-13 20:55:58.809 [SpringApplicationShutdownHook] INFO  com.zaxxer.hikari.HikariDataSource - HikariPool-1 - Shutdown completed.
2022-04-13 20:56:20.340 [main] INFO  com.darcklh.louise.MyLouiseApplicationTests - Starting MyLouiseApplicationTests using Java 11.0.12 on DESKTOP-H72A044 with PID 24440 (started by a in E:\CodingLife\MyLouise)
2022-04-13 20:56:20.343 [main] INFO  com.darcklh.louise.MyLouiseApplicationTests - No active profile set, falling back to default profiles: default
2022-04-13 20:56:21.846 [main] INFO  o.s.boot.web.embedded.tomcat.TomcatWebServer - Tomcat initialized with port(s): 0 (http)
2022-04-13 20:56:21.858 [main] INFO  org.apache.catalina.core.StandardService - Starting service [Tomcat]
2022-04-13 20:56:21.859 [main] INFO  org.apache.catalina.core.StandardEngine - Starting Servlet engine: [Apache Tomcat/9.0.50]
2022-04-13 20:56:21.962 [main] INFO  o.a.c.core.ContainerBase.[Tomcat].[localhost].[/] - Initializing Spring embedded WebApplicationContext
2022-04-13 20:56:21.963 [main] INFO  o.s.b.w.s.c.ServletWebServerApplicationContext - Root WebApplicationContext: initialization completed in 1591 ms
2022-04-13 20:56:22.912 [main] INFO  com.zaxxer.hikari.HikariDataSource - HikariPool-1 - Starting...
2022-04-13 20:56:23.567 [main] INFO  com.zaxxer.hikari.HikariDataSource - HikariPool-1 - Start completed.
2022-04-13 20:56:23.671 [main] INFO  com.darcklh.louise.Utils.BootApplication - <--加载MyLouise插件-->
2022-04-13 20:56:23.716 [main] INFO  com.darcklh.louise.Utils.BootApplication - 加载插件 <--图片发送1.0---DarckLH-- >
2022-04-13 20:56:23.716 [main] INFO  com.darcklh.louise.Utils.BootApplication - 加载插件 <--虚拟歌姬---MIku-- >
2022-04-13 20:56:23.719 [main] INFO  com.darcklh.plugin.PluginMiku - 插件 Miku 运行中
2022-04-13 20:56:23.749 [main] INFO  com.darcklh.louise.Model.R - 发送报文: {"user_id":"412543224","message":"露易丝启动了哦"}
2022-04-13 20:56:23.750 [main] INFO  com.darcklh.louise.Model.R - 请求接口: send_msg
2022-04-13 20:56:25.851 [main] INFO  com.darcklh.louise.Utils.BootApplication - 与BOT建立连接失败
2022-04-13 20:56:25.853 [main] INFO  com.darcklh.louise.Utils.BootApplication - 插件加载完毕，共2个
2022-04-13 20:56:26.202 [main] INFO  o.s.b.a.web.servlet.WelcomePageHandlerMapping - Adding welcome page template: index
2022-04-13 20:56:26.747 [main] INFO  o.s.boot.web.embedded.tomcat.TomcatWebServer - Tomcat started on port(s): 1122 (http) with context path ''
2022-04-13 20:56:26.760 [main] INFO  com.darcklh.louise.MyLouiseApplicationTests - Started MyLouiseApplicationTests in 6.928 seconds (JVM running for 8.072)
2022-04-13 20:58:11.128 [SpringApplicationShutdownHook] INFO  com.zaxxer.hikari.HikariDataSource - HikariPool-1 - Shutdown initiated...
2022-04-13 20:58:11.518 [SpringApplicationShutdownHook] INFO  com.zaxxer.hikari.HikariDataSource - HikariPool-1 - Shutdown completed.
2022-04-13 21:00:22.782 [main] INFO  com.darcklh.louise.MyLouiseApplicationTests - Starting MyLouiseApplicationTests using Java 11.0.12 on DESKTOP-H72A044 with PID 24392 (started by a in E:\CodingLife\MyLouise)
2022-04-13 21:00:22.785 [main] INFO  com.darcklh.louise.MyLouiseApplicationTests - No active profile set, falling back to default profiles: default
2022-04-13 21:00:24.324 [main] INFO  o.s.boot.web.embedded.tomcat.TomcatWebServer - Tomcat initialized with port(s): 0 (http)
2022-04-13 21:00:24.333 [main] INFO  org.apache.catalina.core.StandardService - Starting service [Tomcat]
2022-04-13 21:00:24.334 [main] INFO  org.apache.catalina.core.StandardEngine - Starting Servlet engine: [Apache Tomcat/9.0.50]
2022-04-13 21:00:24.427 [main] INFO  o.a.c.core.ContainerBase.[Tomcat].[localhost].[/] - Initializing Spring embedded WebApplicationContext
2022-04-13 21:00:24.428 [main] INFO  o.s.b.w.s.c.ServletWebServerApplicationContext - Root WebApplicationContext: initialization completed in 1615 ms
2022-04-13 21:00:25.285 [main] INFO  com.zaxxer.hikari.HikariDataSource - HikariPool-1 - Starting...
2022-04-13 21:00:25.936 [main] INFO  com.zaxxer.hikari.HikariDataSource - HikariPool-1 - Start completed.
2022-04-13 21:00:26.040 [main] INFO  com.darcklh.louise.Utils.BootApplication - <--加载MyLouise插件-->
2022-04-13 21:00:26.083 [main] INFO  com.darcklh.louise.Utils.BootApplication - 加载插件 <--图片发送1.0---DarckLH-- >
2022-04-13 21:00:26.084 [main] INFO  com.darcklh.louise.Utils.BootApplication - 加载插件 <--虚拟歌姬---MIku-- >
2022-04-13 21:00:26.086 [main] INFO  com.darcklh.plugin.PluginMiku - 插件 Miku 运行中
2022-04-13 21:00:26.123 [main] INFO  com.darcklh.louise.Model.R - 发送报文: {"user_id":"412543224","message":"露易丝启动了哦"}
2022-04-13 21:00:26.124 [main] INFO  com.darcklh.louise.Model.R - 请求接口: send_msg
2022-04-13 21:00:28.238 [main] INFO  com.darcklh.louise.Utils.BootApplication - 与BOT建立连接失败
2022-04-13 21:00:28.240 [main] INFO  com.darcklh.louise.Utils.BootApplication - 插件加载完毕，共2个
2022-04-13 21:00:28.537 [main] INFO  o.s.b.a.web.servlet.WelcomePageHandlerMapping - Adding welcome page template: index
2022-04-13 21:00:29.002 [main] INFO  o.s.boot.web.embedded.tomcat.TomcatWebServer - Tomcat started on port(s): 13934 (http) with context path ''
2022-04-13 21:00:29.014 [main] INFO  com.darcklh.louise.MyLouiseApplicationTests - Started MyLouiseApplicationTests in 6.723 seconds (JVM running for 7.684)
2022-04-13 21:00:34.153 [SpringApplicationShutdownHook] INFO  com.zaxxer.hikari.HikariDataSource - HikariPool-1 - Shutdown initiated...
2022-04-13 21:00:34.498 [SpringApplicationShutdownHook] INFO  com.zaxxer.hikari.HikariDataSource - HikariPool-1 - Shutdown completed.
2022-04-13 21:00:51.541 [main] INFO  com.darcklh.louise.MyLouiseApplicationTests - Starting MyLouiseApplicationTests using Java 11.0.12 on DESKTOP-H72A044 with PID 17168 (started by a in E:\CodingLife\MyLouise)
2022-04-13 21:00:51.544 [main] INFO  com.darcklh.louise.MyLouiseApplicationTests - No active profile set, falling back to default profiles: default
2022-04-13 21:00:53.063 [main] INFO  o.s.boot.web.embedded.tomcat.TomcatWebServer - Tomcat initialized with port(s): 0 (http)
2022-04-13 21:00:53.073 [main] INFO  org.apache.catalina.core.StandardService - Starting service [Tomcat]
2022-04-13 21:00:53.074 [main] INFO  org.apache.catalina.core.StandardEngine - Starting Servlet engine: [Apache Tomcat/9.0.50]
2022-04-13 21:00:53.172 [main] INFO  o.a.c.core.ContainerBase.[Tomcat].[localhost].[/] - Initializing Spring embedded WebApplicationContext
2022-04-13 21:00:53.172 [main] INFO  o.s.b.w.s.c.ServletWebServerApplicationContext - Root WebApplicationContext: initialization completed in 1599 ms
2022-04-13 21:00:54.090 [main] INFO  com.zaxxer.hikari.HikariDataSource - HikariPool-1 - Starting...
2022-04-13 21:00:54.705 [main] INFO  com.zaxxer.hikari.HikariDataSource - HikariPool-1 - Start completed.
2022-04-13 21:00:54.801 [main] INFO  com.darcklh.louise.Utils.BootApplication - <--加载MyLouise插件-->
2022-04-13 21:00:54.842 [main] INFO  com.darcklh.louise.Utils.BootApplication - 加载插件 <--图片发送1.0---DarckLH-- >
2022-04-13 21:00:54.842 [main] INFO  com.darcklh.louise.Utils.BootApplication - 加载插件 <--虚拟歌姬---MIku-- >
2022-04-13 21:00:54.844 [main] INFO  com.darcklh.plugin.PluginMiku - 插件 Miku 运行中
2022-04-13 21:00:54.875 [main] INFO  com.darcklh.louise.Model.R - 发送报文: {"user_id":"412543224","message":"露易丝启动了哦"}
2022-04-13 21:00:54.876 [main] INFO  com.darcklh.louise.Model.R - 请求接口: send_msg
2022-04-13 21:00:56.972 [main] INFO  com.darcklh.louise.Utils.BootApplication - 与BOT建立连接失败
2022-04-13 21:00:56.974 [main] INFO  com.darcklh.louise.Utils.BootApplication - 插件加载完毕，共2个
2022-04-13 21:00:57.384 [main] INFO  o.s.b.a.web.servlet.WelcomePageHandlerMapping - Adding welcome page template: index
2022-04-13 21:00:57.897 [main] INFO  o.s.boot.web.embedded.tomcat.TomcatWebServer - Tomcat started on port(s): 13970 (http) with context path ''
2022-04-13 21:00:57.910 [main] INFO  com.darcklh.louise.MyLouiseApplicationTests - Started MyLouiseApplicationTests in 6.907 seconds (JVM running for 8.075)
2022-04-13 21:02:35.776 [main] INFO  com.darcklh.louise.MyLouiseApplicationTests - Starting MyLouiseApplicationTests using Java 11.0.12 on DESKTOP-H72A044 with PID 19428 (started by a in E:\CodingLife\MyLouise)
2022-04-13 21:02:35.778 [main] INFO  com.darcklh.louise.MyLouiseApplicationTests - No active profile set, falling back to default profiles: default
2022-04-13 21:02:37.210 [main] INFO  o.s.boot.web.embedded.tomcat.TomcatWebServer - Tomcat initialized with port(s): 0 (http)
2022-04-13 21:02:37.220 [main] INFO  org.apache.catalina.core.StandardService - Starting service [Tomcat]
2022-04-13 21:02:37.221 [main] INFO  org.apache.catalina.core.StandardEngine - Starting Servlet engine: [Apache Tomcat/9.0.50]
2022-04-13 21:02:37.323 [main] INFO  o.a.c.core.ContainerBase.[Tomcat].[localhost].[/] - Initializing Spring embedded WebApplicationContext
2022-04-13 21:02:37.323 [main] INFO  o.s.b.w.s.c.ServletWebServerApplicationContext - Root WebApplicationContext: initialization completed in 1519 ms
2022-04-13 21:02:38.603 [main] INFO  com.zaxxer.hikari.HikariDataSource - HikariPool-1 - Starting...
2022-04-13 21:02:39.324 [main] INFO  com.zaxxer.hikari.HikariDataSource - HikariPool-1 - Start completed.
2022-04-13 21:02:39.454 [main] INFO  com.darcklh.louise.Utils.BootApplication - <--加载MyLouise插件-->
2022-04-13 21:02:39.503 [main] INFO  com.darcklh.louise.Utils.BootApplication - 加载插件 <--图片发送1.0---DarckLH-- >
2022-04-13 21:02:39.503 [main] INFO  com.darcklh.louise.Utils.BootApplication - 加载插件 <--虚拟歌姬---MIku-- >
2022-04-13 21:02:39.506 [main] INFO  com.darcklh.plugin.PluginMiku - 插件 Miku 运行中
2022-04-13 21:02:39.634 [main] INFO  com.darcklh.louise.Model.R - 发送报文: {"user_id":"412543224","message":"露易丝启动了哦"}
2022-04-13 21:02:39.637 [main] INFO  com.darcklh.louise.Model.R - 请求接口: send_msg
2022-04-13 21:02:41.771 [main] INFO  com.darcklh.louise.Utils.BootApplication - 与BOT建立连接失败
2022-04-13 21:02:41.773 [main] INFO  com.darcklh.louise.Utils.BootApplication - 插件加载完毕，共2个
2022-04-13 21:02:42.269 [main] INFO  o.s.b.a.web.servlet.WelcomePageHandlerMapping - Adding welcome page template: index
2022-04-13 21:02:42.990 [main] INFO  o.s.boot.web.embedded.tomcat.TomcatWebServer - Tomcat started on port(s): 14030 (http) with context path ''
2022-04-13 21:02:43.006 [main] INFO  com.darcklh.louise.MyLouiseApplicationTests - Started MyLouiseApplicationTests in 7.673 seconds (JVM running for 8.636)
2022-04-13 21:02:46.996 [SpringApplicationShutdownHook] INFO  com.zaxxer.hikari.HikariDataSource - HikariPool-1 - Shutdown initiated...
2022-04-13 21:02:47.354 [SpringApplicationShutdownHook] INFO  com.zaxxer.hikari.HikariDataSource - HikariPool-1 - Shutdown completed.
2022-04-13 21:11:36.881 [restartedMain] INFO  com.darcklh.louise.MyLouiseApplication - Starting MyLouiseApplication using Java 11.0.12 on DESKTOP-H72A044 with PID 8768 (E:\CodingLife\MyLouise\target\classes started by a in E:\CodingLife\MyLouise)
2022-04-13 21:11:36.883 [restartedMain] INFO  com.darcklh.louise.MyLouiseApplication - No active profile set, falling back to default profiles: default
2022-04-13 21:11:36.921 [restartedMain] INFO  o.s.b.d.env.DevToolsPropertyDefaultsPostProcessor - Devtools property defaults active! Set 'spring.devtools.add-properties' to 'false' to disable
2022-04-13 21:11:36.921 [restartedMain] INFO  o.s.b.d.env.DevToolsPropertyDefaultsPostProcessor - For additional web related logging consider setting the 'logging.level.web' property to 'DEBUG'
2022-04-13 21:11:37.698 [restartedMain] INFO  o.s.boot.web.embedded.tomcat.TomcatWebServer - Tomcat initialized with port(s): 8099 (http)
2022-04-13 21:11:37.704 [restartedMain] INFO  org.apache.catalina.core.StandardService - Starting service [Tomcat]
2022-04-13 21:11:37.704 [restartedMain] INFO  org.apache.catalina.core.StandardEngine - Starting Servlet engine: [Apache Tomcat/9.0.50]
2022-04-13 21:11:37.766 [restartedMain] INFO  o.a.c.core.ContainerBase.[Tomcat].[localhost].[/] - Initializing Spring embedded WebApplicationContext
2022-04-13 21:11:37.767 [restartedMain] INFO  o.s.b.w.s.c.ServletWebServerApplicationContext - Root WebApplicationContext: initialization completed in 846 ms
2022-04-13 21:11:38.153 [restartedMain] INFO  com.zaxxer.hikari.HikariDataSource - HikariPool-1 - Starting...
2022-04-13 21:11:38.749 [restartedMain] INFO  com.zaxxer.hikari.HikariDataSource - HikariPool-1 - Start completed.
2022-04-13 21:11:38.830 [restartedMain] INFO  com.darcklh.louise.Utils.BootApplication - <--加载MyLouise插件-->
2022-04-13 21:11:38.873 [restartedMain] INFO  com.darcklh.louise.Utils.BootApplication - 加载插件 <--图片发送1.0---DarckLH-- >
2022-04-13 21:11:38.873 [restartedMain] INFO  com.darcklh.louise.Utils.BootApplication - 加载插件 <--虚拟歌姬---MIku-- >
2022-04-13 21:11:38.874 [restartedMain] INFO  com.darcklh.plugin.PluginMiku - 插件 Miku 运行中
2022-04-13 21:11:38.893 [restartedMain] INFO  com.darcklh.louise.Model.R - 发送报文: {"user_id":"412543224","message":"露易丝启动了哦"}
2022-04-13 21:11:38.894 [restartedMain] INFO  com.darcklh.louise.Model.R - 请求接口: send_msg
2022-04-13 21:11:40.979 [restartedMain] INFO  com.darcklh.louise.Utils.BootApplication - 与BOT建立连接失败
2022-04-13 21:11:40.979 [restartedMain] INFO  com.darcklh.louise.Utils.BootApplication - 插件加载完毕，共2个
2022-04-13 21:11:41.110 [restartedMain] INFO  o.s.b.a.web.servlet.WelcomePageHandlerMapping - Adding welcome page template: index
2022-04-13 21:11:41.273 [restartedMain] INFO  o.s.b.d.autoconfigure.OptionalLiveReloadServer - LiveReload server is running on port 35729
2022-04-13 21:11:41.345 [restartedMain] INFO  o.s.boot.web.embedded.tomcat.TomcatWebServer - Tomcat started on port(s): 8099 (http) with context path ''
2022-04-13 21:11:41.360 [restartedMain] INFO  com.darcklh.louise.MyLouiseApplication - Started MyLouiseApplication in 4.858 seconds (JVM running for 5.621)
2022-04-13 21:15:29.362 [http-nio-8099-exec-1] INFO  o.a.c.core.ContainerBase.[Tomcat].[localhost].[/] - Initializing Spring DispatcherServlet 'dispatcherServlet'
2022-04-13 21:15:29.363 [http-nio-8099-exec-1] INFO  org.springframework.web.servlet.DispatcherServlet - Initializing Servlet 'dispatcherServlet'
2022-04-13 21:15:29.364 [http-nio-8099-exec-1] INFO  org.springframework.web.servlet.DispatcherServlet - Completed initialization in 1 ms
2022-04-13 21:15:42.824 [http-nio-8099-exec-3] INFO  com.darcklh.louise.Filter.LouiseFilter - 127.0.0.1 >>> 进入过滤器 1 流程 >>> http://127.0.0.1:8099/louise/gelbooru
2022-04-13 21:15:42.834 [http-nio-8099-exec-3] INFO  com.darcklh.louise.Filter.LouiseFilter - 请求 <Louise> 
2022-04-13 21:15:42.834 [http-nio-8099-exec-3] INFO  com.darcklh.louise.Filter.LouiseFilter - 过滤器 1 流程结束
2022-04-13 21:15:42.840 [http-nio-8099-exec-3] INFO  com.darcklh.louise.Filter.Handler.LouiseHandler - 拦截器合法性校验
2022-04-13 21:15:43.033 [http-nio-8099-exec-3] INFO  com.darcklh.louise.Filter.Handler.LouiseHandler - 功能未启用: 904571119
2022-04-13 21:15:55.531 [http-nio-8099-exec-5] INFO  com.darcklh.louise.Filter.LouiseFilter - 127.0.0.1 >>> 进入过滤器 1 流程 >>> http://127.0.0.1:8099/louise/gelbooru
2022-04-13 21:15:55.531 [http-nio-8099-exec-5] INFO  com.darcklh.louise.Filter.LouiseFilter - 请求 <Louise> 
2022-04-13 21:15:55.531 [http-nio-8099-exec-5] INFO  com.darcklh.louise.Filter.LouiseFilter - 过滤器 1 流程结束
2022-04-13 21:15:55.531 [http-nio-8099-exec-5] INFO  com.darcklh.louise.Filter.Handler.LouiseHandler - 拦截器合法性校验
2022-04-13 21:15:55.797 [http-nio-8099-exec-5] INFO  com.darcklh.louise.Filter.Handler.LouiseHandler - 群聊允许的功能列表: [FeatureInfoMin(feature_id=3, feature_name=获取个人信息, feature_url=null), FeatureInfoMin(feature_id=1, feature_name=系统帮助, feature_url=null), FeatureInfoMin(feature_id=2, feature_name=随机图片, feature_url=null), FeatureInfoMin(feature_id=4, feature_name=请求Pixiv图片, feature_url=null), FeatureInfoMin(feature_id=5, feature_name=图片搜索, feature_url=null), FeatureInfoMin(feature_id=6, feature_name=用户注册, feature_url=null)]
2022-04-13 21:15:55.798 [http-nio-8099-exec-5] INFO  com.darcklh.louise.Filter.Handler.LouiseHandler - 群904571119权限不足
2022-04-13 21:16:55.469 [http-nio-8099-exec-2] INFO  com.darcklh.louise.Filter.LouiseFilter - 127.0.0.1 >>> 进入过滤器 1 流程 >>> http://127.0.0.1:8099/louise/gelbooru
2022-04-13 21:16:55.470 [http-nio-8099-exec-2] INFO  com.darcklh.louise.Filter.LouiseFilter - 请求 <Louise> 
2022-04-13 21:16:55.470 [http-nio-8099-exec-2] INFO  com.darcklh.louise.Filter.LouiseFilter - 过滤器 1 流程结束
2022-04-13 21:16:55.470 [http-nio-8099-exec-2] INFO  com.darcklh.louise.Filter.Handler.LouiseHandler - 拦截器合法性校验
2022-04-13 21:16:55.729 [http-nio-8099-exec-2] INFO  com.darcklh.louise.Filter.Handler.LouiseHandler - 群聊允许的功能列表: [FeatureInfoMin(feature_id=3, feature_name=获取个人信息, feature_url=null), FeatureInfoMin(feature_id=1, feature_name=系统帮助, feature_url=null), FeatureInfoMin(feature_id=2, feature_name=随机图片, feature_url=null), FeatureInfoMin(feature_id=4, feature_name=请求Pixiv图片, feature_url=null), FeatureInfoMin(feature_id=5, feature_name=图片搜索, feature_url=null), FeatureInfoMin(feature_id=6, feature_name=用户注册, feature_url=null), FeatureInfoMin(feature_id=10, feature_name=Gelbooru图库, feature_url=null)]
2022-04-13 21:16:55.806 [http-nio-8099-exec-2] INFO  com.darcklh.louise.Filter.Handler.LouiseHandler - 用户允许的功能列表: [FeatureInfoMin(feature_id=1, feature_name=系统帮助, feature_url=null), FeatureInfoMin(feature_id=2, feature_name=随机图片, feature_url=null), FeatureInfoMin(feature_id=7, feature_name=开发配置环境, feature_url=null), FeatureInfoMin(feature_id=5, feature_name=图片搜索, feature_url=null), FeatureInfoMin(feature_id=3, feature_name=获取个人信息, feature_url=null), FeatureInfoMin(feature_id=4, feature_name=请求Pixiv图片, feature_url=null), FeatureInfoMin(feature_id=6, feature_name=用户注册, feature_url=null), FeatureInfoMin(feature_id=8, feature_name=当前配置, feature_url=null)]
2022-04-13 21:16:55.806 [http-nio-8099-exec-2] INFO  com.darcklh.louise.Filter.Handler.LouiseHandler - 用户412543224权限不足
2022-04-13 21:17:37.602 [http-nio-8099-exec-7] INFO  com.darcklh.louise.Filter.LouiseFilter - 127.0.0.1 >>> 进入过滤器 1 流程 >>> http://127.0.0.1:8099/louise/gelbooru
2022-04-13 21:17:37.602 [http-nio-8099-exec-7] INFO  com.darcklh.louise.Filter.LouiseFilter - 请求 <Louise> 
2022-04-13 21:17:37.602 [http-nio-8099-exec-7] INFO  com.darcklh.louise.Filter.LouiseFilter - 过滤器 1 流程结束
2022-04-13 21:17:37.602 [http-nio-8099-exec-7] INFO  com.darcklh.louise.Filter.Handler.LouiseHandler - 拦截器合法性校验
2022-04-13 21:17:37.865 [http-nio-8099-exec-7] INFO  com.darcklh.louise.Filter.Handler.LouiseHandler - 群聊允许的功能列表: [FeatureInfoMin(feature_id=3, feature_name=获取个人信息, feature_url=null), FeatureInfoMin(feature_id=1, feature_name=系统帮助, feature_url=null), FeatureInfoMin(feature_id=2, feature_name=随机图片, feature_url=null), FeatureInfoMin(feature_id=4, feature_name=请求Pixiv图片, feature_url=null), FeatureInfoMin(feature_id=5, feature_name=图片搜索, feature_url=null), FeatureInfoMin(feature_id=6, feature_name=用户注册, feature_url=null), FeatureInfoMin(feature_id=10, feature_name=Gelbooru图库, feature_url=null)]
2022-04-13 21:17:37.940 [http-nio-8099-exec-7] INFO  com.darcklh.louise.Filter.Handler.LouiseHandler - 用户允许的功能列表: [FeatureInfoMin(feature_id=1, feature_name=系统帮助, feature_url=null), FeatureInfoMin(feature_id=2, feature_name=随机图片, feature_url=null), FeatureInfoMin(feature_id=7, feature_name=开发配置环境, feature_url=null), FeatureInfoMin(feature_id=5, feature_name=图片搜索, feature_url=null), FeatureInfoMin(feature_id=3, feature_name=获取个人信息, feature_url=null), FeatureInfoMin(feature_id=4, feature_name=请求Pixiv图片, feature_url=null), FeatureInfoMin(feature_id=6, feature_name=用户注册, feature_url=null), FeatureInfoMin(feature_id=8, feature_name=当前配置, feature_url=null), FeatureInfoMin(feature_id=10, feature_name=Gelbooru图库, feature_url=null)]
2022-04-13 21:17:38.025 [http-nio-8099-exec-7] INFO  com.darcklh.louise.Filter.Handler.LouiseHandler - 功能Gelbooru图库 消耗用户 412543224 CREDIT 100
2022-04-13 21:17:56.775 [http-nio-8099-exec-7] INFO  com.darcklh.louise.Model.R - 快速操作: {"reply":"露易丝没有听懂诶，如果需要帮助的话请说!help"}
2022-04-13 21:18:41.489 [restartedMain] INFO  com.darcklh.louise.MyLouiseApplication - Starting MyLouiseApplication using Java 11.0.12 on DESKTOP-H72A044 with PID 24512 (E:\CodingLife\MyLouise\target\classes started by a in E:\CodingLife\MyLouise)
2022-04-13 21:18:41.492 [restartedMain] INFO  com.darcklh.louise.MyLouiseApplication - No active profile set, falling back to default profiles: default
2022-04-13 21:18:41.578 [restartedMain] INFO  o.s.b.d.env.DevToolsPropertyDefaultsPostProcessor - Devtools property defaults active! Set 'spring.devtools.add-properties' to 'false' to disable
2022-04-13 21:18:41.579 [restartedMain] INFO  o.s.b.d.env.DevToolsPropertyDefaultsPostProcessor - For additional web related logging consider setting the 'logging.level.web' property to 'DEBUG'
2022-04-13 21:18:42.806 [restartedMain] INFO  o.s.boot.web.embedded.tomcat.TomcatWebServer - Tomcat initialized with port(s): 8099 (http)
2022-04-13 21:18:42.815 [restartedMain] INFO  org.apache.catalina.core.StandardService - Starting service [Tomcat]
2022-04-13 21:18:42.815 [restartedMain] INFO  org.apache.catalina.core.StandardEngine - Starting Servlet engine: [Apache Tomcat/9.0.50]
2022-04-13 21:18:42.892 [restartedMain] INFO  o.a.c.core.ContainerBase.[Tomcat].[localhost].[/] - Initializing Spring embedded WebApplicationContext
2022-04-13 21:18:42.893 [restartedMain] INFO  o.s.b.w.s.c.ServletWebServerApplicationContext - Root WebApplicationContext: initialization completed in 1314 ms
2022-04-13 21:18:43.310 [restartedMain] INFO  com.zaxxer.hikari.HikariDataSource - HikariPool-1 - Starting...
2022-04-13 21:18:43.921 [restartedMain] INFO  com.zaxxer.hikari.HikariDataSource - HikariPool-1 - Start completed.
2022-04-13 21:18:44.003 [restartedMain] INFO  com.darcklh.louise.Utils.BootApplication - <--加载MyLouise插件-->
2022-04-13 21:18:44.055 [restartedMain] INFO  com.darcklh.louise.Utils.BootApplication - 加载插件 <--图片发送1.0---DarckLH-- >
2022-04-13 21:18:44.055 [restartedMain] INFO  com.darcklh.louise.Utils.BootApplication - 加载插件 <--虚拟歌姬---MIku-- >
2022-04-13 21:18:44.056 [restartedMain] INFO  com.darcklh.plugin.PluginMiku - 插件 Miku 运行中
2022-04-13 21:18:44.075 [restartedMain] INFO  com.darcklh.louise.Model.R - 发送报文: {"user_id":"412543224","message":"露易丝启动了哦"}
2022-04-13 21:18:44.076 [restartedMain] INFO  com.darcklh.louise.Model.R - 请求接口: send_msg
2022-04-13 21:18:44.131 [restartedMain] INFO  com.darcklh.louise.Utils.BootApplication - 插件加载完毕，共2个
2022-04-13 21:18:44.275 [restartedMain] INFO  o.s.b.a.web.servlet.WelcomePageHandlerMapping - Adding welcome page template: index
2022-04-13 21:18:44.447 [restartedMain] INFO  o.s.b.d.autoconfigure.OptionalLiveReloadServer - LiveReload server is running on port 35729
2022-04-13 21:18:44.515 [restartedMain] INFO  o.s.boot.web.embedded.tomcat.TomcatWebServer - Tomcat started on port(s): 8099 (http) with context path ''
2022-04-13 21:18:44.525 [restartedMain] INFO  com.darcklh.louise.MyLouiseApplication - Started MyLouiseApplication in 3.433 seconds (JVM running for 4.113)
2022-04-13 21:18:49.359 [http-nio-8099-exec-1] INFO  o.a.c.core.ContainerBase.[Tomcat].[localhost].[/] - Initializing Spring DispatcherServlet 'dispatcherServlet'
2022-04-13 21:18:49.359 [http-nio-8099-exec-1] INFO  org.springframework.web.servlet.DispatcherServlet - Initializing Servlet 'dispatcherServlet'
2022-04-13 21:18:49.360 [http-nio-8099-exec-1] INFO  org.springframework.web.servlet.DispatcherServlet - Completed initialization in 0 ms
2022-04-13 21:18:56.582 [http-nio-8099-exec-4] INFO  com.darcklh.louise.Filter.LouiseFilter - 127.0.0.1 >>> 进入过滤器 1 流程 >>> http://127.0.0.1:8099/louise/gelbooru
2022-04-13 21:18:56.591 [http-nio-8099-exec-4] INFO  com.darcklh.louise.Filter.LouiseFilter - 请求 <Louise> 
2022-04-13 21:18:56.591 [http-nio-8099-exec-4] INFO  com.darcklh.louise.Filter.LouiseFilter - 过滤器 1 流程结束
2022-04-13 21:18:56.596 [http-nio-8099-exec-4] INFO  com.darcklh.louise.Filter.Handler.LouiseHandler - 拦截器合法性校验
2022-04-13 21:18:56.888 [http-nio-8099-exec-4] INFO  com.darcklh.louise.Filter.Handler.LouiseHandler - 群聊允许的功能列表: [FeatureInfoMin(feature_id=3, feature_name=获取个人信息, feature_url=null), FeatureInfoMin(feature_id=1, feature_name=系统帮助, feature_url=null), FeatureInfoMin(feature_id=2, feature_name=随机图片, feature_url=null), FeatureInfoMin(feature_id=4, feature_name=请求Pixiv图片, feature_url=null), FeatureInfoMin(feature_id=5, feature_name=图片搜索, feature_url=null), FeatureInfoMin(feature_id=6, feature_name=用户注册, feature_url=null), FeatureInfoMin(feature_id=10, feature_name=Gelbooru图库, feature_url=null)]
2022-04-13 21:18:56.971 [http-nio-8099-exec-4] INFO  com.darcklh.louise.Filter.Handler.LouiseHandler - 用户允许的功能列表: [FeatureInfoMin(feature_id=1, feature_name=系统帮助, feature_url=null), FeatureInfoMin(feature_id=2, feature_name=随机图片, feature_url=null), FeatureInfoMin(feature_id=7, feature_name=开发配置环境, feature_url=null), FeatureInfoMin(feature_id=5, feature_name=图片搜索, feature_url=null), FeatureInfoMin(feature_id=3, feature_name=获取个人信息, feature_url=null), FeatureInfoMin(feature_id=4, feature_name=请求Pixiv图片, feature_url=null), FeatureInfoMin(feature_id=6, feature_name=用户注册, feature_url=null), FeatureInfoMin(feature_id=8, feature_name=当前配置, feature_url=null), FeatureInfoMin(feature_id=10, feature_name=Gelbooru图库, feature_url=null)]
2022-04-13 21:18:57.065 [http-nio-8099-exec-4] INFO  com.darcklh.louise.Filter.Handler.LouiseHandler - 功能Gelbooru图库 消耗用户 412543224 CREDIT 100
2022-04-13 21:19:09.629 [http-nio-8099-exec-4] INFO  com.darcklh.louise.Model.R - 快速操作: {"reply":"露易丝没有听懂诶，如果需要帮助的话请说!help"}
2022-04-13 21:19:35.881 [Thread-5] INFO  com.zaxxer.hikari.HikariDataSource - HikariPool-1 - Shutdown initiated...
2022-04-13 21:19:36.233 [Thread-5] INFO  com.zaxxer.hikari.HikariDataSource - HikariPool-1 - Shutdown completed.
2022-04-13 21:19:36.318 [restartedMain] INFO  com.darcklh.louise.MyLouiseApplication - Starting MyLouiseApplication using Java 11.0.12 on DESKTOP-H72A044 with PID 24512 (E:\CodingLife\MyLouise\target\classes started by a in E:\CodingLife\MyLouise)
2022-04-13 21:19:36.319 [restartedMain] INFO  com.darcklh.louise.MyLouiseApplication - No active profile set, falling back to default profiles: default
2022-04-13 21:19:36.585 [restartedMain] INFO  o.s.boot.web.embedded.tomcat.TomcatWebServer - Tomcat initialized with port(s): 8099 (http)
2022-04-13 21:19:36.586 [restartedMain] INFO  org.apache.catalina.core.StandardService - Starting service [Tomcat]
2022-04-13 21:19:36.586 [restartedMain] INFO  org.apache.catalina.core.StandardEngine - Starting Servlet engine: [Apache Tomcat/9.0.50]
2022-04-13 21:19:36.602 [restartedMain] INFO  o.a.c.core.ContainerBase.[Tomcat].[localhost].[/] - Initializing Spring embedded WebApplicationContext
2022-04-13 21:19:36.602 [restartedMain] INFO  o.s.b.w.s.c.ServletWebServerApplicationContext - Root WebApplicationContext: initialization completed in 281 ms
2022-04-13 21:19:36.749 [restartedMain] INFO  com.zaxxer.hikari.HikariDataSource - HikariPool-2 - Starting...
2022-04-13 21:19:37.174 [restartedMain] INFO  com.zaxxer.hikari.HikariDataSource - HikariPool-2 - Start completed.
2022-04-13 21:19:37.215 [restartedMain] INFO  com.darcklh.louise.Utils.BootApplication - <--加载MyLouise插件-->
2022-04-13 21:19:37.262 [restartedMain] INFO  com.darcklh.louise.Utils.BootApplication - 加载插件 <--图片发送1.0---DarckLH-- >
2022-04-13 21:19:37.262 [restartedMain] INFO  com.darcklh.louise.Utils.BootApplication - 加载插件 <--虚拟歌姬---MIku-- >
2022-04-13 21:19:37.263 [restartedMain] INFO  com.darcklh.plugin.PluginMiku - 插件 Miku 运行中
2022-04-13 21:19:37.263 [restartedMain] INFO  com.darcklh.louise.Model.R - 发送报文: {"user_id":"412543224","message":"露易丝启动了哦"}
2022-04-13 21:19:37.264 [restartedMain] INFO  com.darcklh.louise.Model.R - 请求接口: send_msg
2022-04-13 21:19:37.269 [restartedMain] INFO  com.darcklh.louise.Utils.BootApplication - 插件加载完毕，共2个
2022-04-13 21:19:37.320 [restartedMain] INFO  o.s.b.a.web.servlet.WelcomePageHandlerMapping - Adding welcome page template: index
2022-04-13 21:19:37.351 [restartedMain] INFO  o.s.b.d.autoconfigure.OptionalLiveReloadServer - LiveReload server is running on port 35729
2022-04-13 21:19:37.396 [restartedMain] INFO  o.s.boot.web.embedded.tomcat.TomcatWebServer - Tomcat started on port(s): 8099 (http) with context path ''
2022-04-13 21:19:37.399 [restartedMain] INFO  com.darcklh.louise.MyLouiseApplication - Started MyLouiseApplication in 1.116 seconds (JVM running for 56.987)
2022-04-13 21:19:37.402 [restartedMain] INFO  o.s.b.d.a.ConditionEvaluationDeltaLoggingListener - Condition evaluation unchanged
2022-04-13 21:19:39.321 [http-nio-8099-exec-1] INFO  o.a.c.core.ContainerBase.[Tomcat].[localhost].[/] - Initializing Spring DispatcherServlet 'dispatcherServlet'
2022-04-13 21:19:39.322 [http-nio-8099-exec-1] INFO  org.springframework.web.servlet.DispatcherServlet - Initializing Servlet 'dispatcherServlet'
2022-04-13 21:19:39.323 [http-nio-8099-exec-1] INFO  org.springframework.web.servlet.DispatcherServlet - Completed initialization in 1 ms
2022-04-13 21:19:43.049 [http-nio-8099-exec-2] INFO  com.darcklh.louise.Filter.LouiseFilter - 127.0.0.1 >>> 进入过滤器 1 流程 >>> http://127.0.0.1:8099/louise/gelbooru
2022-04-13 21:19:43.051 [http-nio-8099-exec-2] INFO  com.darcklh.louise.Filter.LouiseFilter - 请求 <Louise> 
2022-04-13 21:19:43.051 [http-nio-8099-exec-2] INFO  com.darcklh.louise.Filter.LouiseFilter - 过滤器 1 流程结束
2022-04-13 21:19:43.054 [http-nio-8099-exec-2] INFO  com.darcklh.louise.Model.R - 快速操作: {"reply":"露易丝没有听懂诶，如果需要帮助的话请说!help"}
2022-04-13 21:19:56.928 [http-nio-8099-exec-5] INFO  com.darcklh.louise.Filter.LouiseFilter - 127.0.0.1 >>> 进入过滤器 1 流程 >>> http://127.0.0.1:8099/louise/gelbooru
2022-04-13 21:19:56.928 [http-nio-8099-exec-5] INFO  com.darcklh.louise.Filter.LouiseFilter - 请求 <Louise> 
2022-04-13 21:19:56.929 [http-nio-8099-exec-5] INFO  com.darcklh.louise.Filter.LouiseFilter - 过滤器 1 流程结束
2022-04-13 21:19:56.929 [http-nio-8099-exec-5] INFO  com.darcklh.louise.Model.R - 快速操作: {"reply":"露易丝没有听懂诶，如果需要帮助的话请说!help"}
2022-04-13 21:21:05.602 [restartedMain] INFO  com.darcklh.louise.MyLouiseApplication - Starting MyLouiseApplication using Java 11.0.12 on DESKTOP-H72A044 with PID 21448 (E:\CodingLife\MyLouise\target\classes started by a in E:\CodingLife\MyLouise)
2022-04-13 21:21:05.605 [restartedMain] INFO  com.darcklh.louise.MyLouiseApplication - No active profile set, falling back to default profiles: default
2022-04-13 21:21:05.650 [restartedMain] INFO  o.s.b.d.env.DevToolsPropertyDefaultsPostProcessor - Devtools property defaults active! Set 'spring.devtools.add-properties' to 'false' to disable
2022-04-13 21:21:05.650 [restartedMain] INFO  o.s.b.d.env.DevToolsPropertyDefaultsPostProcessor - For additional web related logging consider setting the 'logging.level.web' property to 'DEBUG'
2022-04-13 21:21:06.532 [restartedMain] INFO  o.s.boot.web.embedded.tomcat.TomcatWebServer - Tomcat initialized with port(s): 8099 (http)
2022-04-13 21:21:06.539 [restartedMain] INFO  org.apache.catalina.core.StandardService - Starting service [Tomcat]
2022-04-13 21:21:06.540 [restartedMain] INFO  org.apache.catalina.core.StandardEngine - Starting Servlet engine: [Apache Tomcat/9.0.50]
2022-04-13 21:21:06.610 [restartedMain] INFO  o.a.c.core.ContainerBase.[Tomcat].[localhost].[/] - Initializing Spring embedded WebApplicationContext
2022-04-13 21:21:06.610 [restartedMain] INFO  o.s.b.w.s.c.ServletWebServerApplicationContext - Root WebApplicationContext: initialization completed in 959 ms
2022-04-13 21:21:07.051 [restartedMain] INFO  com.zaxxer.hikari.HikariDataSource - HikariPool-1 - Starting...
2022-04-13 21:21:07.643 [restartedMain] INFO  com.zaxxer.hikari.HikariDataSource - HikariPool-1 - Start completed.
2022-04-13 21:21:07.768 [restartedMain] INFO  com.darcklh.louise.Utils.BootApplication - <--加载MyLouise插件-->
2022-04-13 21:21:07.811 [restartedMain] INFO  com.darcklh.louise.Utils.BootApplication - 加载插件 <--图片发送1.0---DarckLH-- >
2022-04-13 21:21:07.811 [restartedMain] INFO  com.darcklh.louise.Utils.BootApplication - 加载插件 <--虚拟歌姬---MIku-- >
2022-04-13 21:21:07.813 [restartedMain] INFO  com.darcklh.plugin.PluginMiku - 插件 Miku 运行中
2022-04-13 21:21:07.832 [restartedMain] INFO  com.darcklh.louise.Model.R - 发送报文: {"user_id":"412543224","message":"露易丝启动了哦"}
2022-04-13 21:21:07.833 [restartedMain] INFO  com.darcklh.louise.Model.R - 请求接口: send_msg
2022-04-13 21:21:07.896 [restartedMain] INFO  com.darcklh.louise.Utils.BootApplication - 插件加载完毕，共2个
2022-04-13 21:21:08.036 [restartedMain] INFO  o.s.b.a.web.servlet.WelcomePageHandlerMapping - Adding welcome page template: index
2022-04-13 21:21:08.220 [restartedMain] INFO  o.s.b.d.autoconfigure.OptionalLiveReloadServer - LiveReload server is running on port 35729
2022-04-13 21:21:08.323 [restartedMain] INFO  o.s.boot.web.embedded.tomcat.TomcatWebServer - Tomcat started on port(s): 8099 (http) with context path ''
2022-04-13 21:21:08.341 [restartedMain] INFO  com.darcklh.louise.MyLouiseApplication - Started MyLouiseApplication in 3.139 seconds (JVM running for 3.898)
2022-04-13 21:21:09.368 [http-nio-8099-exec-1] INFO  o.a.c.core.ContainerBase.[Tomcat].[localhost].[/] - Initializing Spring DispatcherServlet 'dispatcherServlet'
2022-04-13 21:21:09.369 [http-nio-8099-exec-1] INFO  org.springframework.web.servlet.DispatcherServlet - Initializing Servlet 'dispatcherServlet'
2022-04-13 21:21:09.370 [http-nio-8099-exec-1] INFO  org.springframework.web.servlet.DispatcherServlet - Completed initialization in 1 ms
2022-04-13 21:21:14.551 [http-nio-8099-exec-4] INFO  com.darcklh.louise.Filter.LouiseFilter - 127.0.0.1 >>> 进入过滤器 1 流程 >>> http://127.0.0.1:8099/louise/gelbooru
2022-04-13 21:21:14.560 [http-nio-8099-exec-4] INFO  com.darcklh.louise.Filter.LouiseFilter - 请求 <Louise> 
2022-04-13 21:21:14.560 [http-nio-8099-exec-4] INFO  com.darcklh.louise.Filter.LouiseFilter - 过滤器 1 流程结束
2022-04-13 21:21:14.565 [http-nio-8099-exec-4] INFO  com.darcklh.louise.Filter.Handler.LouiseHandler - 拦截器合法性校验
2022-04-13 21:21:14.796 [http-nio-8099-exec-4] INFO  com.darcklh.louise.Filter.Handler.LouiseHandler - 用户允许的功能列表: [FeatureInfoMin(feature_id=1, feature_name=系统帮助, feature_url=null), FeatureInfoMin(feature_id=2, feature_name=随机图片, feature_url=null), FeatureInfoMin(feature_id=7, feature_name=开发配置环境, feature_url=null), FeatureInfoMin(feature_id=5, feature_name=图片搜索, feature_url=null), FeatureInfoMin(feature_id=3, feature_name=获取个人信息, feature_url=null), FeatureInfoMin(feature_id=4, feature_name=请求Pixiv图片, feature_url=null), FeatureInfoMin(feature_id=6, feature_name=用户注册, feature_url=null), FeatureInfoMin(feature_id=8, feature_name=当前配置, feature_url=null), FeatureInfoMin(feature_id=10, feature_name=Gelbooru图库, feature_url=null)]
2022-04-13 21:21:14.878 [http-nio-8099-exec-4] INFO  com.darcklh.louise.Filter.Handler.LouiseHandler - 功能Gelbooru图库 消耗用户 412543224 CREDIT 100
2022-04-13 21:21:38.164 [http-nio-8099-exec-5] INFO  com.darcklh.louise.Filter.LouiseFilter - 127.0.0.1 >>> 进入过滤器 1 流程 >>> http://127.0.0.1:8099/louise/help
2022-04-13 21:21:38.165 [http-nio-8099-exec-5] INFO  com.darcklh.louise.Filter.LouiseFilter - 请求 <Louise> 
2022-04-13 21:21:38.165 [http-nio-8099-exec-5] INFO  com.darcklh.louise.Filter.LouiseFilter - 过滤器 1 流程结束
2022-04-13 21:21:38.165 [http-nio-8099-exec-5] INFO  com.darcklh.louise.Filter.Handler.LouiseHandler - 拦截器合法性校验
2022-04-13 21:22:38.764 [restartedMain] INFO  com.darcklh.louise.MyLouiseApplication - Starting MyLouiseApplication using Java 11.0.12 on DESKTOP-H72A044 with PID 20388 (E:\CodingLife\MyLouise\target\classes started by a in E:\CodingLife\MyLouise)
2022-04-13 21:22:38.766 [restartedMain] INFO  com.darcklh.louise.MyLouiseApplication - No active profile set, falling back to default profiles: default
2022-04-13 21:22:38.799 [restartedMain] INFO  o.s.b.d.env.DevToolsPropertyDefaultsPostProcessor - Devtools property defaults active! Set 'spring.devtools.add-properties' to 'false' to disable
2022-04-13 21:22:38.799 [restartedMain] INFO  o.s.b.d.env.DevToolsPropertyDefaultsPostProcessor - For additional web related logging consider setting the 'logging.level.web' property to 'DEBUG'
2022-04-13 21:22:39.689 [restartedMain] INFO  o.s.boot.web.embedded.tomcat.TomcatWebServer - Tomcat initialized with port(s): 8099 (http)
2022-04-13 21:22:39.696 [restartedMain] INFO  org.apache.catalina.core.StandardService - Starting service [Tomcat]
2022-04-13 21:22:39.696 [restartedMain] INFO  org.apache.catalina.core.StandardEngine - Starting Servlet engine: [Apache Tomcat/9.0.50]
2022-04-13 21:22:39.770 [restartedMain] INFO  o.a.c.core.ContainerBase.[Tomcat].[localhost].[/] - Initializing Spring embedded WebApplicationContext
2022-04-13 21:22:39.770 [restartedMain] INFO  o.s.b.w.s.c.ServletWebServerApplicationContext - Root WebApplicationContext: initialization completed in 970 ms
2022-04-13 21:22:40.213 [restartedMain] INFO  com.zaxxer.hikari.HikariDataSource - HikariPool-1 - Starting...
2022-04-13 21:22:40.779 [restartedMain] INFO  com.zaxxer.hikari.HikariDataSource - HikariPool-1 - Start completed.
2022-04-13 21:22:40.857 [restartedMain] INFO  com.darcklh.louise.Utils.BootApplication - <--加载MyLouise插件-->
2022-04-13 21:22:40.900 [restartedMain] INFO  com.darcklh.louise.Utils.BootApplication - 加载插件 <--图片发送1.0---DarckLH-- >
2022-04-13 21:22:40.900 [restartedMain] INFO  com.darcklh.louise.Utils.BootApplication - 加载插件 <--虚拟歌姬---MIku-- >
2022-04-13 21:22:40.902 [restartedMain] INFO  com.darcklh.plugin.PluginMiku - 插件 Miku 运行中
2022-04-13 21:22:40.921 [restartedMain] INFO  com.darcklh.louise.Model.R - 发送报文: {"user_id":"412543224","message":"露易丝启动了哦"}
2022-04-13 21:22:40.922 [restartedMain] INFO  com.darcklh.louise.Model.R - 请求接口: send_msg
2022-04-13 21:22:40.978 [restartedMain] INFO  com.darcklh.louise.Utils.BootApplication - 插件加载完毕，共2个
2022-04-13 21:22:41.124 [restartedMain] INFO  o.s.b.a.web.servlet.WelcomePageHandlerMapping - Adding welcome page template: index
2022-04-13 21:22:41.305 [restartedMain] INFO  o.s.b.d.autoconfigure.OptionalLiveReloadServer - LiveReload server is running on port 35729
2022-04-13 21:22:41.378 [restartedMain] INFO  o.s.boot.web.embedded.tomcat.TomcatWebServer - Tomcat started on port(s): 8099 (http) with context path ''
2022-04-13 21:22:41.388 [restartedMain] INFO  com.darcklh.louise.MyLouiseApplication - Started MyLouiseApplication in 2.986 seconds (JVM running for 3.62)
2022-04-13 21:22:48.366 [http-nio-8099-exec-1] INFO  o.a.c.core.ContainerBase.[Tomcat].[localhost].[/] - Initializing Spring DispatcherServlet 'dispatcherServlet'
2022-04-13 21:22:48.367 [http-nio-8099-exec-1] INFO  org.springframework.web.servlet.DispatcherServlet - Initializing Servlet 'dispatcherServlet'
2022-04-13 21:22:48.368 [http-nio-8099-exec-1] INFO  org.springframework.web.servlet.DispatcherServlet - Completed initialization in 1 ms
2022-04-13 21:22:48.372 [http-nio-8099-exec-1] INFO  com.darcklh.louise.Filter.LouiseFilter - 127.0.0.1 >>> 进入过滤器 1 流程 >>> http://127.0.0.1:8099/louise/gelbooru
2022-04-13 21:22:48.380 [http-nio-8099-exec-1] INFO  com.darcklh.louise.Filter.LouiseFilter - 请求 <Louise> 
2022-04-13 21:22:48.381 [http-nio-8099-exec-1] INFO  com.darcklh.louise.Filter.LouiseFilter - 过滤器 1 流程结束
2022-04-13 21:22:48.385 [http-nio-8099-exec-1] INFO  com.darcklh.louise.Filter.Handler.LouiseHandler - 拦截器合法性校验
2022-04-13 21:22:48.611 [http-nio-8099-exec-1] INFO  com.darcklh.louise.Filter.Handler.LouiseHandler - 用户允许的功能列表: [FeatureInfoMin(feature_id=1, feature_name=系统帮助, feature_url=null), FeatureInfoMin(feature_id=2, feature_name=随机图片, feature_url=null), FeatureInfoMin(feature_id=7, feature_name=开发配置环境, feature_url=null), FeatureInfoMin(feature_id=5, feature_name=图片搜索, feature_url=null), FeatureInfoMin(feature_id=3, feature_name=获取个人信息, feature_url=null), FeatureInfoMin(feature_id=4, feature_name=请求Pixiv图片, feature_url=null), FeatureInfoMin(feature_id=6, feature_name=用户注册, feature_url=null), FeatureInfoMin(feature_id=8, feature_name=当前配置, feature_url=null), FeatureInfoMin(feature_id=10, feature_name=Gelbooru图库, feature_url=null)]
2022-04-13 21:22:48.696 [http-nio-8099-exec-1] INFO  com.darcklh.louise.Filter.Handler.LouiseHandler - 功能Gelbooru图库 消耗用户 412543224 CREDIT 100
2022-04-13 21:26:00.387 [restartedMain] INFO  com.darcklh.louise.MyLouiseApplication - Starting MyLouiseApplication using Java 11.0.12 on DESKTOP-H72A044 with PID 25280 (E:\CodingLife\MyLouise\target\classes started by a in E:\CodingLife\MyLouise)
2022-04-13 21:26:00.389 [restartedMain] INFO  com.darcklh.louise.MyLouiseApplication - No active profile set, falling back to default profiles: default
2022-04-13 21:26:00.435 [restartedMain] INFO  o.s.b.d.env.DevToolsPropertyDefaultsPostProcessor - Devtools property defaults active! Set 'spring.devtools.add-properties' to 'false' to disable
2022-04-13 21:26:00.436 [restartedMain] INFO  o.s.b.d.env.DevToolsPropertyDefaultsPostProcessor - For additional web related logging consider setting the 'logging.level.web' property to 'DEBUG'
2022-04-13 21:26:01.360 [restartedMain] INFO  o.s.boot.web.embedded.tomcat.TomcatWebServer - Tomcat initialized with port(s): 8099 (http)
2022-04-13 21:26:01.366 [restartedMain] INFO  org.apache.catalina.core.StandardService - Starting service [Tomcat]
2022-04-13 21:26:01.367 [restartedMain] INFO  org.apache.catalina.core.StandardEngine - Starting Servlet engine: [Apache Tomcat/9.0.50]
2022-04-13 21:26:01.442 [restartedMain] INFO  o.a.c.core.ContainerBase.[Tomcat].[localhost].[/] - Initializing Spring embedded WebApplicationContext
2022-04-13 21:26:01.442 [restartedMain] INFO  o.s.b.w.s.c.ServletWebServerApplicationContext - Root WebApplicationContext: initialization completed in 1006 ms
2022-04-13 21:26:01.842 [restartedMain] INFO  com.zaxxer.hikari.HikariDataSource - HikariPool-1 - Starting...
2022-04-13 21:26:02.388 [restartedMain] INFO  com.zaxxer.hikari.HikariDataSource - HikariPool-1 - Start completed.
2022-04-13 21:26:02.466 [restartedMain] INFO  com.darcklh.louise.Utils.BootApplication - <--加载MyLouise插件-->
2022-04-13 21:26:02.508 [restartedMain] INFO  com.darcklh.louise.Utils.BootApplication - 加载插件 <--图片发送1.0---DarckLH-- >
2022-04-13 21:26:02.508 [restartedMain] INFO  com.darcklh.louise.Utils.BootApplication - 加载插件 <--虚拟歌姬---MIku-- >
2022-04-13 21:26:02.509 [restartedMain] INFO  com.darcklh.plugin.PluginMiku - 插件 Miku 运行中
2022-04-13 21:26:02.527 [restartedMain] INFO  com.darcklh.louise.Model.R - 发送报文: {"user_id":"412543224","message":"露易丝启动了哦"}
2022-04-13 21:26:02.528 [restartedMain] INFO  com.darcklh.louise.Model.R - 请求接口: send_msg
2022-04-13 21:26:02.592 [restartedMain] INFO  com.darcklh.louise.Utils.BootApplication - 插件加载完毕，共2个
2022-04-13 21:26:02.741 [restartedMain] INFO  o.s.b.a.web.servlet.WelcomePageHandlerMapping - Adding welcome page template: index
2022-04-13 21:26:02.907 [restartedMain] INFO  o.s.b.d.autoconfigure.OptionalLiveReloadServer - LiveReload server is running on port 35729
2022-04-13 21:26:02.979 [restartedMain] INFO  o.s.boot.web.embedded.tomcat.TomcatWebServer - Tomcat started on port(s): 8099 (http) with context path ''
2022-04-13 21:26:02.989 [restartedMain] INFO  com.darcklh.louise.MyLouiseApplication - Started MyLouiseApplication in 3.041 seconds (JVM running for 3.733)
2022-04-13 21:26:09.364 [http-nio-8099-exec-1] INFO  o.a.c.core.ContainerBase.[Tomcat].[localhost].[/] - Initializing Spring DispatcherServlet 'dispatcherServlet'
2022-04-13 21:26:09.366 [http-nio-8099-exec-1] INFO  org.springframework.web.servlet.DispatcherServlet - Initializing Servlet 'dispatcherServlet'
2022-04-13 21:26:09.366 [http-nio-8099-exec-1] INFO  org.springframework.web.servlet.DispatcherServlet - Completed initialization in 0 ms
2022-04-13 21:26:11.060 [http-nio-8099-exec-2] INFO  com.darcklh.louise.Filter.LouiseFilter - 127.0.0.1 >>> 进入过滤器 1 流程 >>> http://127.0.0.1:8099/louise/gelbooru
2022-04-13 21:26:11.068 [http-nio-8099-exec-2] INFO  com.darcklh.louise.Filter.LouiseFilter - 请求 <Louise> 
2022-04-13 21:26:11.069 [http-nio-8099-exec-2] INFO  com.darcklh.louise.Filter.LouiseFilter - 过滤器 1 流程结束
2022-04-13 21:26:11.075 [http-nio-8099-exec-2] INFO  com.darcklh.louise.Filter.Handler.LouiseHandler - 拦截器合法性校验
2022-04-13 21:26:11.329 [http-nio-8099-exec-2] INFO  com.darcklh.louise.Filter.Handler.LouiseHandler - 群聊允许的功能列表: [FeatureInfoMin(feature_id=3, feature_name=获取个人信息, feature_url=null), FeatureInfoMin(feature_id=1, feature_name=系统帮助, feature_url=null), FeatureInfoMin(feature_id=2, feature_name=随机图片, feature_url=null), FeatureInfoMin(feature_id=4, feature_name=请求Pixiv图片, feature_url=null), FeatureInfoMin(feature_id=5, feature_name=图片搜索, feature_url=null), FeatureInfoMin(feature_id=6, feature_name=用户注册, feature_url=null), FeatureInfoMin(feature_id=10, feature_name=Gelbooru图库, feature_url=null)]
2022-04-13 21:26:11.401 [http-nio-8099-exec-2] INFO  com.darcklh.louise.Filter.Handler.LouiseHandler - 用户允许的功能列表: [FeatureInfoMin(feature_id=1, feature_name=系统帮助, feature_url=null), FeatureInfoMin(feature_id=2, feature_name=随机图片, feature_url=null), FeatureInfoMin(feature_id=7, feature_name=开发配置环境, feature_url=null), FeatureInfoMin(feature_id=5, feature_name=图片搜索, feature_url=null), FeatureInfoMin(feature_id=3, feature_name=获取个人信息, feature_url=null), FeatureInfoMin(feature_id=4, feature_name=请求Pixiv图片, feature_url=null), FeatureInfoMin(feature_id=6, feature_name=用户注册, feature_url=null), FeatureInfoMin(feature_id=8, feature_name=当前配置, feature_url=null), FeatureInfoMin(feature_id=10, feature_name=Gelbooru图库, feature_url=null)]
2022-04-13 21:26:11.489 [http-nio-8099-exec-2] INFO  com.darcklh.louise.Filter.Handler.LouiseHandler - 功能Gelbooru图库 消耗用户 412543224 CREDIT 100
2022-04-13 21:27:57.801 [SpringApplicationShutdownHook] INFO  com.zaxxer.hikari.HikariDataSource - HikariPool-1 - Shutdown initiated...
2022-04-13 21:27:58.156 [SpringApplicationShutdownHook] INFO  com.zaxxer.hikari.HikariDataSource - HikariPool-1 - Shutdown completed.
